Sun 28 21:07:55 DESKTOP-ASKK29G php: [error] Uncaught exception: Call to undefined function Vokuro\root_path() in C:\git\hub\voluntary-assistance-planning\config\config.php on line 29
Sun 28 21:08:03 DESKTOP-ASKK29G php: [error] Uncaught exception: Call to undefined function Vokuro\root_path() in C:\git\hub\voluntary-assistance-planning\config\config.php on line 29
Sun 28 21:08:51 DESKTOP-ASKK29G php: [error] Uncaught exception: Call to undefined function Vokuro\root_path() in C:\git\hub\voluntary-assistance-planning\config\config.php on line 29
Sun 28 21:17:54 DESKTOP-ASKK29G php: [error] Uncaught exception: Call to undefined function Vokuro\root_path() in C:\git\hub\voluntary-assistance-planning\config\config.php on line 29
Sun 28 21:18:07 DESKTOP-ASKK29G php: [error] Uncaught exception: Call to undefined function Vokuro\root_path() in C:\git\hub\voluntary-assistance-planning\config\config.php on line 29
Sun 28 21:20:12 DESKTOP-ASKK29G php: [error] Uncaught exception: Call to undefined function Vokuro\root_path() in C:\git\hub\voluntary-assistance-planning\config\config.php on line 29
Sun 28 21:20:26 DESKTOP-ASKK29G php: [error] Uncaught exception: Call to undefined function Vokuro\root_path() in C:\git\hub\voluntary-assistance-planning\config\config.php on line 29
Sun 28 21:20:38 DESKTOP-ASKK29G php: [error] Uncaught exception: Call to undefined function Vokuro\root_path() in C:\git\hub\voluntary-assistance-planning\config\config.php on line 29
Sun 28 21:20:39 DESKTOP-ASKK29G php: [error] Uncaught exception: Call to undefined function Vokuro\root_path() in C:\git\hub\voluntary-assistance-planning\config\config.php on line 29
Sun 28 21:20:46 DESKTOP-ASKK29G php: [error] Uncaught exception: Call to undefined function Vokuro\root_path() in C:\git\hub\voluntary-assistance-planning\config\config.php on line 29
Sun 28 21:20:48 DESKTOP-ASKK29G php: [error] Uncaught exception: Call to undefined function Vokuro\root_path() in C:\git\hub\voluntary-assistance-planning\config\config.php on line 29
Sun 28 21:21:39 DESKTOP-ASKK29G php: [error] Uncaught exception: Call to undefined function Vokuro\root_path() in C:\git\hub\voluntary-assistance-planning\config\config.php on line 29
Sun 28 21:21:40 DESKTOP-ASKK29G php: [error] Uncaught exception: Call to undefined function Vokuro\root_path() in C:\git\hub\voluntary-assistance-planning\config\config.php on line 29
Sun 28 21:21:40 DESKTOP-ASKK29G php: [error] Uncaught exception: Call to undefined function Vokuro\root_path() in C:\git\hub\voluntary-assistance-planning\config\config.php on line 29
Sun 28 21:21:40 DESKTOP-ASKK29G php: [error] Uncaught exception: Call to undefined function Vokuro\root_path() in C:\git\hub\voluntary-assistance-planning\config\config.php on line 29
Sun 28 21:21:40 DESKTOP-ASKK29G php: [error] Uncaught exception: Call to undefined function Vokuro\root_path() in C:\git\hub\voluntary-assistance-planning\config\config.php on line 29
Sun 28 21:21:47 DESKTOP-ASKK29G php: [error] Uncaught exception: Call to undefined function Vokuro\root_path() in C:\git\hub\voluntary-assistance-planning\config\config.php on line 29
Sun 28 21:21:48 DESKTOP-ASKK29G php: [error] Uncaught exception: Call to undefined function Vokuro\root_path() in C:\git\hub\voluntary-assistance-planning\config\config.php on line 29
Sun 28 21:22:29 DESKTOP-ASKK29G php: [error] Uncaught exception: Call to undefined function Vokuro\root_path() in C:\git\hub\voluntary-assistance-planning\config\config.php on line 29
Sun 28 21:22:30 DESKTOP-ASKK29G php: [error] Uncaught exception: Call to undefined function Vokuro\root_path() in C:\git\hub\voluntary-assistance-planning\config\config.php on line 29
Sun 28 21:27:23 DESKTOP-ASKK29G php: [error] Uncaught exception: Call to undefined function Vokuro\root_path() in C:\git\hub\voluntary-assistance-planning\config\config.php on line 29
Sun 28 21:27:59 DESKTOP-ASKK29G php: [error] Uncaught exception: Call to undefined function Vokuro\root_path() in C:\git\hub\voluntary-assistance-planning\config\config.php on line 29
Sun 28 21:29:57 DESKTOP-ASKK29G php: [error] Uncaught exception: Call to undefined function Vokuro\root_path() in C:\git\hub\voluntary-assistance-planning\config\config.php on line 29
Sun 28 21:30:04 DESKTOP-ASKK29G php: [error] Uncaught exception: Call to undefined function Vokuro\root_path() in C:\git\hub\voluntary-assistance-planning\config\config.php on line 29
Sun 28 21:31:18 DESKTOP-ASKK29G php: [error] Uncaught exception: Call to undefined function Vokuro\root_path() in C:\git\hub\voluntary-assistance-planning\config\config.php on line 29
Sun 28 21:31:38 DESKTOP-ASKK29G php: [error] Uncaught exception: Call to undefined function Vokuro\root_path() in C:\git\hub\voluntary-assistance-planning\config\config.php on line 29
Sun 28 21:35:46 DESKTOP-ASKK29G php: [error] Uncaught exception: Call to undefined function Vokuro\root_path() in C:\git\hub\voluntary-assistance-planning\config\config.php on line 29
Sun 28 21:35:46 DESKTOP-ASKK29G php: [warning] E_WARNING: Use of undefined constant PTOOLSPATH2 - assumed 'PTOOLSPATH2' (this will throw an Error in a future version of PHP) in C:\git\hub\voluntary-assistance-planning\public\webtools.php on line 24
Sun 28 21:35:54 DESKTOP-ASKK29G php: [error] Uncaught exception: Call to undefined function Vokuro\root_path() in C:\git\hub\voluntary-assistance-planning\config\config.php on line 29
Sun 28 21:36:04 DESKTOP-ASKK29G php: [error] Uncaught exception: Call to undefined function Vokuro\root_path() in C:\git\hub\voluntary-assistance-planning\config\config.php on line 29
Sun 28 21:37:14 DESKTOP-ASKK29G php: [error] Uncaught exception: Call to undefined function Vokuro\root_path() in C:\git\hub\voluntary-assistance-planning\config\config.php on line 29
Sun 28 21:37:15 DESKTOP-ASKK29G php: [error] Uncaught exception: Call to undefined function Vokuro\root_path() in C:\git\hub\voluntary-assistance-planning\config\config.php on line 29
Sun 28 21:37:23 DESKTOP-ASKK29G php: [error] Uncaught exception: Call to undefined function Vokuro\root_path() in C:\git\hub\voluntary-assistance-planning\config\config.php on line 29
Sun 28 21:41:19 DESKTOP-ASKK29G php: [error] Uncaught exception: Call to undefined function Vokuro\root_path() in C:\git\hub\voluntary-assistance-planning\config\config.php on line 31
Sun 28 21:43:45 DESKTOP-ASKK29G php: [error] Uncaught exception: Call to undefined function Vokuro\root_path() in C:\git\hub\voluntary-assistance-planning\config\config.php on line 29
Sun 28 21:44:08 DESKTOP-ASKK29G php: [error] Uncaught exception: Call to undefined function Vokuro\root_path() in C:\git\hub\voluntary-assistance-planning\config\config.php on line 29
Sun 28 21:44:50 DESKTOP-ASKK29G php: [error] Uncaught exception: Call to undefined function Vokuro\root_path() in C:\git\hub\voluntary-assistance-planning\config\config.php on line 29
Sun 28 21:50:36 DESKTOP-ASKK29G php: [error] Uncaught exception: Call to undefined function Vokuro\root_path() in C:\git\hub\voluntary-assistance-planning\config\config.php on line 29
Sun 28 21:51:46 DESKTOP-ASKK29G php: [error] Uncaught exception: Call to undefined function Vokuro\root_path() in C:\git\hub\voluntary-assistance-planning\config\config.php on line 29
Sun 28 21:52:05 DESKTOP-ASKK29G php: [error] Uncaught exception: Call to undefined function Vokuro\root_path() in C:\git\hub\voluntary-assistance-planning\config\config.php on line 29
Sun 28 21:52:19 DESKTOP-ASKK29G php: [error] Uncaught exception: Call to undefined function Vokuro\root_path() in C:\git\hub\voluntary-assistance-planning\config\config.php on line 29
Sun 28 21:54:01 DESKTOP-ASKK29G php: [error] Uncaught exception: Call to undefined function Vokuro\root_path() in C:\git\hub\voluntary-assistance-planning\config\config.php on line 29
Sun 28 21:55:47 DESKTOP-ASKK29G php: [error] Uncaught exception: Call to undefined function Vokuro\root_path() in C:\git\hub\voluntary-assistance-planning\config\config.php on line 29
Sun 28 21:55:53 DESKTOP-ASKK29G php: [error] Uncaught exception: Call to undefined function Vokuro\root_path() in C:\git\hub\voluntary-assistance-planning\config\config.php on line 29
Sun 28 21:56:31 DESKTOP-ASKK29G php: [error] Uncaught exception: Call to undefined function Vokuro\root_path() in C:\git\hub\voluntary-assistance-planning\config\config.php on line 29
Sun 28 21:56:48 DESKTOP-ASKK29G php: [error] Uncaught exception: Call to undefined function Vokuro\root_path() in C:\git\hub\voluntary-assistance-planning\config\config.php on line 29
Sun 28 21:56:51 DESKTOP-ASKK29G php: [error] Uncaught exception: Call to undefined function Vokuro\root_path() in C:\git\hub\voluntary-assistance-planning\config\config.php on line 29
Sun 28 21:57:58 DESKTOP-ASKK29G php: [error] Uncaught exception: Call to undefined function Vokuro\root_path() in C:\git\hub\voluntary-assistance-planning\config\config.php on line 29
Sun 28 21:58:25 DESKTOP-ASKK29G php: [error] Uncaught exception: Call to undefined function Vokuro\root_path() in C:\git\hub\voluntary-assistance-planning\config\config.php on line 29
Sun 28 21:58:26 DESKTOP-ASKK29G php: [error] Uncaught exception: Call to undefined function Vokuro\root_path() in C:\git\hub\voluntary-assistance-planning\config\config.php on line 29
Sun 28 21:59:59 DESKTOP-ASKK29G php: [error] Uncaught exception: Call to undefined function Vokuro\root_path() in C:\git\hub\voluntary-assistance-planning\config\config.php on line 29
Sun 28 22:10:02 DESKTOP-ASKK29G php: [error] Uncaught exception: Call to undefined function Vokuro\root_path() in C:\git\hub\voluntary-assistance-planning\config\config.php on line 29
Sun 28 22:14:38 DESKTOP-ASKK29G php: [warning] E_WARNING: Use of undefined constant APP_SESSION_SAVE_DIR - assumed 'APP_SESSION_SAVE_DIR' (this will throw an Error in a future version of PHP) in xdebug://debug-eval(1) : eval()'d code on line 1
Sun 28 22:14:49 DESKTOP-ASKK29G php: [warning] E_WARNING: Use of undefined constant APP_CACHE_DIR - assumed 'APP_CACHE_DIR' (this will throw an Error in a future version of PHP) in xdebug://debug-eval(1) : eval()'d code on line 1
Sun 28 22:14:51 DESKTOP-ASKK29G php: [warning] E_WARNING: Use of undefined constant APP_CACHE_DIR - assumed 'APP_CACHE_DIR' (this will throw an Error in a future version of PHP) in xdebug://debug-eval(1) : eval()'d code on line 1
Sun 28 22:16:06 DESKTOP-ASKK29G php: [error] Uncaught exception: Return value of Phalcon\DevTools\Scanners\Config::scan() must be an instance of Phalcon\Config or null, instance of Phalcon\DevTools\Scanners\Config returned in C:\Users\micro\AppData\Roaming\Composer\vendor\phalcon\devtools\src\Scanners\Config.php on line 94
Sun 28 22:16:11 DESKTOP-ASKK29G php: [error] Uncaught exception: Return value of Phalcon\DevTools\Scanners\Config::scan() must be an instance of Phalcon\Config or null, instance of Phalcon\DevTools\Scanners\Config returned in C:\Users\micro\AppData\Roaming\Composer\vendor\phalcon\devtools\src\Scanners\Config.php on line 94
Sun 28 22:16:17 DESKTOP-ASKK29G php: [error] Uncaught exception: Return value of Phalcon\DevTools\Scanners\Config::scan() must be an instance of Phalcon\Config or null, instance of Phalcon\DevTools\Scanners\Config returned in C:\Users\micro\AppData\Roaming\Composer\vendor\phalcon\devtools\src\Scanners\Config.php on line 94
Sun 28 22:16:32 DESKTOP-ASKK29G php: [error] Uncaught exception: Return value of Phalcon\DevTools\Scanners\Config::scan() must be an instance of Phalcon\Config or null, instance of Phalcon\DevTools\Scanners\Config returned in C:\Users\micro\AppData\Roaming\Composer\vendor\phalcon\devtools\src\Scanners\Config.php on line 94
Sun 28 22:19:22 DESKTOP-ASKK29G php: [error] Uncaught exception: Return value of Phalcon\DevTools\Scanners\Config::scan() must be an instance of Phalcon\Config or null, instance of Phalcon\DevTools\Scanners\Config returned in C:\Users\micro\AppData\Roaming\Composer\vendor\phalcon\devtools\src\Scanners\Config.php on line 94
Sun 28 22:20:00 DESKTOP-ASKK29G php: [error] Uncaught exception: Return value of Phalcon\DevTools\Scanners\Config::scan() must be an instance of Phalcon\Config or null, instance of Phalcon\DevTools\Scanners\Config returned in C:\Users\micro\AppData\Roaming\Composer\vendor\phalcon\devtools\src\Scanners\Config.php on line 94
Sun 28 22:26:24 DESKTOP-ASKK29G php: [error] Uncaught exception: Return value of Phalcon\DevTools\Scanners\Config::scan() must be an instance of Phalcon\Config or null, instance of Phalcon\DevTools\Scanners\Config returned in C:\Users\micro\AppData\Roaming\Composer\vendor\phalcon\devtools\src\Scanners\Config.php on line 94
Sun 28 22:26:30 DESKTOP-ASKK29G php: [error] Uncaught exception: Return value of Phalcon\DevTools\Scanners\Config::scan() must be an instance of Phalcon\Config or null, instance of Phalcon\DevTools\Scanners\Config returned in C:\Users\micro\AppData\Roaming\Composer\vendor\phalcon\devtools\src\Scanners\Config.php on line 94
Sun 28 22:38:34 DESKTOP-ASKK29G php: [error] Uncaught exception: Return value of Phalcon\DevTools\Scanners\Config::scan() must be an instance of Phalcon\Config or null, instance of Phalcon\DevTools\Scanners\Config returned in C:\Users\micro\AppData\Roaming\Composer\vendor\phalcon\devtools\src\Scanners\Config.php on line 94
Sun 28 22:41:32 DESKTOP-ASKK29G php: [error] Uncaught exception: Return value of Phalcon\DevTools\Scanners\Config::scan() must be an instance of Phalcon\Config or null, instance of Phalcon\DevTools\Scanners\Config returned in C:\Users\micro\AppData\Roaming\Composer\vendor\phalcon\devtools\src\Scanners\Config.php on line 94
Sun 28 22:41:32 DESKTOP-ASKK29G php: [error] Uncaught exception: Return value of Phalcon\DevTools\Scanners\Config::scan() must be an instance of Phalcon\Config or null, instance of Phalcon\DevTools\Scanners\Config returned in C:\Users\micro\AppData\Roaming\Composer\vendor\phalcon\devtools\src\Scanners\Config.php on line 94
Sun 28 22:41:33 DESKTOP-ASKK29G php: [error] Uncaught exception: Return value of Phalcon\DevTools\Scanners\Config::scan() must be an instance of Phalcon\Config or null, instance of Phalcon\DevTools\Scanners\Config returned in C:\Users\micro\AppData\Roaming\Composer\vendor\phalcon\devtools\src\Scanners\Config.php on line 94
Sun 28 22:41:34 DESKTOP-ASKK29G php: [error] Uncaught exception: Return value of Phalcon\DevTools\Scanners\Config::scan() must be an instance of Phalcon\Config or null, instance of Phalcon\DevTools\Scanners\Config returned in C:\Users\micro\AppData\Roaming\Composer\vendor\phalcon\devtools\src\Scanners\Config.php on line 94
Sun 28 22:41:35 DESKTOP-ASKK29G php: [error] Uncaught exception: Return value of Phalcon\DevTools\Scanners\Config::scan() must be an instance of Phalcon\Config or null, instance of Phalcon\DevTools\Scanners\Config returned in C:\Users\micro\AppData\Roaming\Composer\vendor\phalcon\devtools\src\Scanners\Config.php on line 94
Sun 28 22:41:35 DESKTOP-ASKK29G php: [error] Uncaught exception: Return value of Phalcon\DevTools\Scanners\Config::scan() must be an instance of Phalcon\Config or null, instance of Phalcon\DevTools\Scanners\Config returned in C:\Users\micro\AppData\Roaming\Composer\vendor\phalcon\devtools\src\Scanners\Config.php on line 94
Sun 28 22:47:18 DESKTOP-ASKK29G php: [error] Uncaught exception: Return value of Phalcon\DevTools\Scanners\Config::scan() must be an instance of Phalcon\Config or null, instance of Phalcon\DevTools\Scanners\Config returned in C:\Users\micro\AppData\Roaming\Composer\vendor\phalcon\devtools\src\Scanners\Config.php on line 94
Sun 28 22:48:43 DESKTOP-ASKK29G php: [error] Uncaught exception: Return value of Phalcon\DevTools\Scanners\Config::scan() must be an instance of Phalcon\Config or null, instance of Phalcon\DevTools\Scanners\Config returned in C:\Users\micro\AppData\Roaming\Composer\vendor\phalcon\devtools\src\Scanners\Config.php on line 94
Sun 28 22:48:48 DESKTOP-ASKK29G php: [error] Uncaught exception: Return value of Phalcon\DevTools\Scanners\Config::scan() must be an instance of Phalcon\Config or null, instance of Phalcon\DevTools\Scanners\Config returned in C:\Users\micro\AppData\Roaming\Composer\vendor\phalcon\devtools\src\Scanners\Config.php on line 94
Sun 28 22:58:58 DESKTOP-ASKK29G php: [error] Uncaught exception: Return value of Phalcon\DevTools\Scanners\Config::scan() must be an instance of Phalcon\Config or null, instance of Phalcon\DevTools\Scanners\Config returned in C:\Users\micro\AppData\Roaming\Composer\vendor\phalcon\devtools\src\Scanners\Config.php on line 94
Sun 28 22:59:05 DESKTOP-ASKK29G php: [error] Uncaught exception: Return value of Phalcon\DevTools\Scanners\Config::scan() must be an instance of Phalcon\Config or null, instance of Phalcon\DevTools\Scanners\Config returned in C:\Users\micro\AppData\Roaming\Composer\vendor\phalcon\devtools\src\Scanners\Config.php on line 94
Sun 28 22:59:12 DESKTOP-ASKK29G php: [error] Uncaught exception: Return value of Phalcon\DevTools\Scanners\Config::scan() must be an instance of Phalcon\Config or null, instance of Phalcon\DevTools\Scanners\Config returned in C:\Users\micro\AppData\Roaming\Composer\vendor\phalcon\devtools\src\Scanners\Config.php on line 94
Sun 28 23:08:08 DESKTOP-ASKK29G php: [error] Uncaught exception: Return value of Phalcon\DevTools\Scanners\Config::scan() must be an instance of Phalcon\Config or null, instance of Phalcon\DevTools\Scanners\Config returned in C:\Users\micro\AppData\Roaming\Composer\vendor\phalcon\devtools\src\Scanners\Config.php on line 94
Sun 28 23:08:33 DESKTOP-ASKK29G php: [error] Uncaught exception: Return value of Phalcon\DevTools\Scanners\Config::scan() must be an instance of Phalcon\Config or null, instance of Phalcon\DevTools\Scanners\Config returned in C:\Users\micro\AppData\Roaming\Composer\vendor\phalcon\devtools\src\Scanners\Config.php on line 94
